This is pdfTeX, Version 3.141592653-2.6-1.40.22 (TeX Live 2021/Homebrew) (preloaded format=pdflatex 2021.9.30)  26 NOV 2021 10:17
entering extended mode
 restricted \write18 enabled.
 %&-line parsing enabled.
**final_project.tex
(./final_project.tex
LaTeX2e <2020-10-01> patch level 4
L3 programming layer <2021-02-18>
(/usr/local/Cellar/texlive/58837/share/texmf-dist/tex/latex/base/article.cls
Document Class: article 2020/04/10 v1.4m Standard LaTeX document class
(/usr/local/Cellar/texlive/58837/share/texmf-dist/tex/latex/base/size10.clo
File: size10.clo 2020/04/10 v1.4m Standard LaTeX file (size option)
)
\c@part=\count179
\c@section=\count180
\c@subsection=\count181
\c@subsubsection=\count182
\c@paragraph=\count183
\c@subparagraph=\count184
\c@figure=\count185
\c@table=\count186
\abovecaptionskip=\skip47
\belowcaptionskip=\skip48
\bibindent=\dimen138
)
(/usr/local/Cellar/texlive/58837/share/texmf-dist/tex/latex/graphics/graphicx.s
ty
Package: graphicx 2020/09/09 v1.2b Enhanced LaTeX Graphics (DPC,SPQR)

(/usr/local/Cellar/texlive/58837/share/texmf-dist/tex/latex/graphics/keyval.sty
Package: keyval 2014/10/28 v1.15 key=value parser (DPC)
\KV@toks@=\toks15
)
(/usr/local/Cellar/texlive/58837/share/texmf-dist/tex/latex/graphics/graphics.s
ty
Package: graphics 2020/08/30 v1.4c Standard LaTeX Graphics (DPC,SPQR)

(/usr/local/Cellar/texlive/58837/share/texmf-dist/tex/latex/graphics/trig.sty
Package: trig 2016/01/03 v1.10 sin cos tan (DPC)
)
(/usr/local/Cellar/texlive/58837/share/texmf-dist/tex/latex/graphics-cfg/graphi
cs.cfg
File: graphics.cfg 2016/06/04 v1.11 sample graphics configuration
)
Package graphics Info: Driver file: pdftex.def on input line 105.

(/usr/local/Cellar/texlive/58837/share/texmf-dist/tex/latex/graphics-def/pdftex
.def
File: pdftex.def 2020/10/05 v1.2a Graphics/color driver for pdftex
))
\Gin@req@height=\dimen139
\Gin@req@width=\dimen140
)
(/usr/local/Cellar/texlive/58837/share/texmf-dist/tex/latex/graphics/color.sty
Package: color 2020/02/24 v1.2b Standard LaTeX Color (DPC)

(/usr/local/Cellar/texlive/58837/share/texmf-dist/tex/latex/graphics-cfg/color.
cfg
File: color.cfg 2016/01/02 v1.6 sample color configuration
)
Package color Info: Driver file: pdftex.def on input line 147.
)
(/usr/local/Cellar/texlive/58837/share/texmf-dist/tex/latex/framed/framed.sty
Package: framed 2011/10/22 v 0.96: framed or shaded text with page breaks
\OuterFrameSep=\skip49
\fb@frw=\dimen141
\fb@frh=\dimen142
\FrameRule=\dimen143
\FrameSep=\dimen144
)
(/usr/local/Cellar/texlive/58837/share/texmf-dist/tex/latex/base/alltt.sty
Package: alltt 1997/06/16 v2.0g defines alltt environment
)
(/usr/local/Cellar/texlive/58837/share/texmf-dist/tex/generic/babel/babel.sty
Package: babel 2021/03/24 3.56 The Babel package

(/usr/local/Cellar/texlive/58837/share/texmf-dist/tex/generic/babel/babel.def
File: babel.def 2021/03/24 3.56 Babel common definitions
\babel@savecnt=\count187
\U@D=\dimen145
\l@babelnohyphens=\language87

(/usr/local/Cellar/texlive/58837/share/texmf-dist/tex/generic/babel/txtbabel.de
f)
\bbl@readstream=\read2
)
\bbl@dirlevel=\count188

(/usr/local/Cellar/texlive/58837/share/texmf-dist/tex/generic/babel-english/eng
lish.ldf
Language: english 2017/06/06 v3.3r English support from the babel system
Package babel Info: \l@canadian = using hyphenrules for english
(babel)             (\language0) on input line 102.
Package babel Info: \l@australian = using hyphenrules for ukenglish
(babel)             (\language21) on input line 105.
Package babel Info: \l@newzealand = using hyphenrules for ukenglish
(babel)             (\language21) on input line 108.
))
(/usr/local/Cellar/texlive/58837/share/texmf-dist/tex/latex/base/fontenc.sty
Package: fontenc 2020/08/10 v2.0s Standard LaTeX package
)
(/usr/local/Cellar/texlive/58837/share/texmf-dist/tex/latex/base/inputenc.sty
Package: inputenc 2020/08/01 v1.3d Input encoding file
\inpenc@prehook=\toks16
\inpenc@posthook=\toks17
)
(/usr/local/Cellar/texlive/58837/share/texmf-dist/tex/latex/geometry/geometry.s
ty
Package: geometry 2020/01/02 v5.9 Page Geometry

(/usr/local/Cellar/texlive/58837/share/texmf-dist/tex/generic/iftex/ifvtex.sty
Package: ifvtex 2019/10/25 v1.7 ifvtex legacy package. Use iftex instead.

(/usr/local/Cellar/texlive/58837/share/texmf-dist/tex/generic/iftex/iftex.sty
Package: iftex 2020/03/06 v1.0d TeX engine tests
))
\Gm@cnth=\count189
\Gm@cntv=\count190
\c@Gm@tempcnt=\count191
\Gm@bindingoffset=\dimen146
\Gm@wd@mp=\dimen147
\Gm@odd@mp=\dimen148
\Gm@even@mp=\dimen149
\Gm@layoutwidth=\dimen150
\Gm@layoutheight=\dimen151
\Gm@layouthoffset=\dimen152
\Gm@layoutvoffset=\dimen153
\Gm@dimlist=\toks18
)
(/usr/local/Cellar/texlive/58837/share/texmf-dist/tex/latex/enumitem/enumitem.s
ty
Package: enumitem 2019/06/20 v3.9 Customized lists
\labelindent=\skip50
\enit@outerparindent=\dimen154
\enit@toks=\toks19
\enit@inbox=\box47
\enit@count@id=\count192
\enitdp@description=\count193
)
(/usr/local/Cellar/texlive/58837/share/texmf-dist/tex/latex/amsmath/amsmath.sty
Package: amsmath 2020/09/23 v2.17i AMS math features
\@mathmargin=\skip51
For additional information on amsmath, use the `?' option.

(/usr/local/Cellar/texlive/58837/share/texmf-dist/tex/latex/amsmath/amstext.sty
Package: amstext 2000/06/29 v2.01 AMS text
(/usr/local/Cellar/texlive/58837/share/texmf-dist/tex/latex/amsmath/amsgen.sty
File: amsgen.sty 1999/11/30 v2.0 generic functions
\@emptytoks=\toks20
\ex@=\dimen155
))
(/usr/local/Cellar/texlive/58837/share/texmf-dist/tex/latex/amsmath/amsbsy.sty
Package: amsbsy 1999/11/29 v1.2d Bold Symbols
\pmbraise@=\dimen156
) (/usr/local/Cellar/texlive/58837/share/texmf-dist/tex/latex/amsmath/amsopn.st
y
Package: amsopn 2016/03/08 v2.02 operator names
)
\inf@bad=\count194
LaTeX Info: Redefining \frac on input line 234.
\uproot@=\count195
\leftroot@=\count196
LaTeX Info: Redefining \overline on input line 399.
\classnum@=\count197
\DOTSCASE@=\count198
LaTeX Info: Redefining \ldots on input line 496.
LaTeX Info: Redefining \dots on input line 499.
LaTeX Info: Redefining \cdots on input line 620.
\Mathstrutbox@=\box48
\strutbox@=\box49
\big@size=\dimen157
LaTeX Font Info:    Redeclaring font encoding OML on input line 743.
LaTeX Font Info:    Redeclaring font encoding OMS on input line 744.
\macc@depth=\count199
\c@MaxMatrixCols=\count266
\dotsspace@=\muskip16
\c@parentequation=\count267
\dspbrk@lvl=\count268
\tag@help=\toks21
\row@=\count269
\column@=\count270
\maxfields@=\count271
\andhelp@=\toks22
\eqnshift@=\dimen158
\alignsep@=\dimen159
\tagshift@=\dimen160
\tagwidth@=\dimen161
\totwidth@=\dimen162
\lineht@=\dimen163
\@envbody=\toks23
\multlinegap=\skip52
\multlinetaggap=\skip53
\mathdisplay@stack=\toks24
LaTeX Info: Redefining \[ on input line 2923.
LaTeX Info: Redefining \] on input line 2924.
)
(/usr/local/Cellar/texlive/58837/share/texmf-dist/tex/latex/mathtools/mathtools
.sty
Package: mathtools 2021/03/18 v1.25 mathematical typesetting tools
 (/usr/local/Cellar/texlive/58837/share/texmf-dist/tex/latex/tools/calc.sty
Package: calc 2017/05/25 v4.3 Infix arithmetic (KKT,FJ)
\calc@Acount=\count272
\calc@Bcount=\count273
\calc@Adimen=\dimen164
\calc@Bdimen=\dimen165
\calc@Askip=\skip54
\calc@Bskip=\skip55
LaTeX Info: Redefining \setlength on input line 80.
LaTeX Info: Redefining \addtolength on input line 81.
\calc@Ccount=\count274
\calc@Cskip=\skip56
)
(/usr/local/Cellar/texlive/58837/share/texmf-dist/tex/latex/mathtools/mhsetup.s
ty
Package: mhsetup 2021/03/18 v1.4 programming setup (MH)
)
LaTeX Info: Thecontrolsequence`\('isalreadyrobust on input line 130.
LaTeX Info: Thecontrolsequence`\)'isalreadyrobust on input line 130.
LaTeX Info: Thecontrolsequence`\['isalreadyrobust on input line 130.
LaTeX Info: Thecontrolsequence`\]'isalreadyrobust on input line 130.
\g_MT_multlinerow_int=\count275
\l_MT_multwidth_dim=\dimen166
\origjot=\skip57
\l_MT_shortvdotswithinadjustabove_dim=\dimen167
\l_MT_shortvdotswithinadjustbelow_dim=\dimen168
\l_MT_above_intertext_sep=\dimen169
\l_MT_below_intertext_sep=\dimen170
\l_MT_above_shortintertext_sep=\dimen171
\l_MT_below_shortintertext_sep=\dimen172
\xmathstrut@box=\box50
\xmathstrut@dim=\dimen173
)
(/usr/local/Cellar/texlive/58837/share/texmf-dist/tex/latex/amsfonts/amssymb.st
y
Package: amssymb 2013/01/14 v3.01 AMS font symbols

(/usr/local/Cellar/texlive/58837/share/texmf-dist/tex/latex/amsfonts/amsfonts.s
ty
Package: amsfonts 2013/01/14 v3.01 Basic AMSFonts support
\symAMSa=\mathgroup4
\symAMSb=\mathgroup5
LaTeX Font Info:    Redeclaring math symbol \hbar on input line 98.
LaTeX Font Info:    Overwriting math alphabet `\mathfrak' in version `bold'
(Font)                  U/euf/m/n --> U/euf/b/n on input line 106.
))
(/usr/local/Cellar/texlive/58837/share/texmf-dist/tex/latex/physics/physics.sty
Package: physics 

(/usr/local/Cellar/texlive/58837/share/texmf-dist/tex/latex/l3packages/xparse/x
parse.sty
(/usr/local/Cellar/texlive/58837/share/texmf-dist/tex/latex/l3kernel/expl3.sty
Package: expl3 2021-02-18 L3 programming layer (loader) 

(/usr/local/Cellar/texlive/58837/share/texmf-dist/tex/latex/l3backend/l3backend
-pdftex.def
File: l3backend-pdftex.def 2021-03-18 L3 backend support: PDF output (pdfTeX)
\l__color_backend_stack_int=\count276
\l__pdf_internal_box=\box51
))
(/usr/local/Cellar/texlive/58837/share/texmf-dist/tex/latex/l3packages/xparse/x
parse-2020-10-01.sty
(/usr/local/Cellar/texlive/58837/share/texmf-dist/tex/latex/l3packages/xparse/x
parse-generic.tex))))
(/usr/local/Cellar/texlive/58837/share/texmf-dist/tex/latex/booktabs/booktabs.s
ty
Package: booktabs 2020/01/12 v1.61803398 Publication quality tables
\heavyrulewidth=\dimen174
\lightrulewidth=\dimen175
\cmidrulewidth=\dimen176
\belowrulesep=\dimen177
\belowbottomsep=\dimen178
\aboverulesep=\dimen179
\abovetopsep=\dimen180
\cmidrulesep=\dimen181
\cmidrulekern=\dimen182
\defaultaddspace=\dimen183
\@cmidla=\count277
\@cmidlb=\count278
\@aboverulesep=\dimen184
\@belowrulesep=\dimen185
\@thisruleclass=\count279
\@lastruleclass=\count280
\@thisrulewidth=\dimen186
) (/usr/local/Cellar/texlive/58837/share/texmf-dist/tex/latex/tools/bm.sty
Package: bm 2019/07/24 v1.2d Bold Symbol Support (DPC/FMi)
\symboldoperators=\mathgroup6
\symboldletters=\mathgroup7
\symboldsymbols=\mathgroup8
LaTeX Font Info:    Redeclaring math alphabet \mathbf on input line 141.
LaTeX Info: Redefining \bm on input line 209.
)
(/usr/local/Cellar/texlive/58837/share/texmf-dist/tex/latex/dirtytalk/dirtytalk
.sty
Package: dirtytalk 2010/11/21 A package making "quoting" easier

(/usr/local/Cellar/texlive/58837/share/texmf-dist/tex/latex/kvoptions/kvoptions
.sty
Package: kvoptions 2020-10-07 v3.14 Key value format for package options (HO)

(/usr/local/Cellar/texlive/58837/share/texmf-dist/tex/generic/ltxcmds/ltxcmds.s
ty
Package: ltxcmds 2020-05-10 v1.25 LaTeX kernel commands for general use (HO)
)
(/usr/local/Cellar/texlive/58837/share/texmf-dist/tex/generic/kvsetkeys/kvsetke
ys.sty
Package: kvsetkeys 2019/12/15 v1.18 Key value parser (HO)
))
(/usr/local/Cellar/texlive/58837/share/texmf-dist/tex/latex/base/ifthen.sty
Package: ifthen 2014/09/29 v1.1c Standard LaTeX ifthen package (DPC)
)
\c@dirtytalk@qdepth=\count281
)
(/usr/local/Cellar/texlive/58837/share/texmf-dist/tex/latex/epigraph/epigraph.s
ty
Package: epigraph 2020/01/02 v1.5e typesetting epigraphs

(/usr/local/Cellar/texlive/58837/share/texmf-dist/tex/latex/nextpage/nextpage.s
ty
Package: nextpage 2009/09/03 v1.1a additional page commands
)
\beforeepigraphskip=\skip58
\afterepigraphskip=\skip59
\epigraphwidth=\skip60
\epigraphrule=\skip61
)
(/usr/local/Cellar/texlive/58837/share/texmf-dist/tex/latex/hyperref/hyperref.s
ty
Package: hyperref 2021-02-27 v7.00k Hypertext links for LaTeX

(/usr/local/Cellar/texlive/58837/share/texmf-dist/tex/generic/pdftexcmds/pdftex
cmds.sty
Package: pdftexcmds 2020-06-27 v0.33 Utility functions of pdfTeX for LuaTeX (HO
)

(/usr/local/Cellar/texlive/58837/share/texmf-dist/tex/generic/infwarerr/infware
rr.sty
Package: infwarerr 2019/12/03 v1.5 Providing info/warning/error messages (HO)
)
Package pdftexcmds Info: \pdf@primitive is available.
Package pdftexcmds Info: \pdf@ifprimitive is available.
Package pdftexcmds Info: \pdfdraftmode found.
)
(/usr/local/Cellar/texlive/58837/share/texmf-dist/tex/generic/kvdefinekeys/kvde
finekeys.sty
Package: kvdefinekeys 2019-12-19 v1.6 Define keys (HO)
)
(/usr/local/Cellar/texlive/58837/share/texmf-dist/tex/generic/pdfescape/pdfesca
pe.sty
Package: pdfescape 2019/12/09 v1.15 Implements pdfTeX's escape features (HO)
)
(/usr/local/Cellar/texlive/58837/share/texmf-dist/tex/latex/hycolor/hycolor.sty
Package: hycolor 2020-01-27 v1.10 Color options for hyperref/bookmark (HO)
)
(/usr/local/Cellar/texlive/58837/share/texmf-dist/tex/latex/letltxmacro/letltxm
acro.sty
Package: letltxmacro 2019/12/03 v1.6 Let assignment for LaTeX macros (HO)
)
(/usr/local/Cellar/texlive/58837/share/texmf-dist/tex/latex/auxhook/auxhook.sty
Package: auxhook 2019-12-17 v1.6 Hooks for auxiliary files (HO)
)
\@linkdim=\dimen187
\Hy@linkcounter=\count282
\Hy@pagecounter=\count283

(/usr/local/Cellar/texlive/58837/share/texmf-dist/tex/latex/hyperref/pd1enc.def
File: pd1enc.def 2021-02-27 v7.00k Hyperref: PDFDocEncoding definition (HO)
Now handling font encoding PD1 ...
... no UTF-8 mapping file for font encoding PD1
)
(/usr/local/Cellar/texlive/58837/share/texmf-dist/tex/latex/hyperref/hyperref-l
angpatches.def
File: hyperref-langpatches.def 2021-02-27 v7.00k Hyperref: patches for babel la
nguages
)
(/usr/local/Cellar/texlive/58837/share/texmf-dist/tex/generic/intcalc/intcalc.s
ty
Package: intcalc 2019/12/15 v1.3 Expandable calculations with integers (HO)
)
(/usr/local/Cellar/texlive/58837/share/texmf-dist/tex/generic/etexcmds/etexcmds
.sty
Package: etexcmds 2019/12/15 v1.7 Avoid name clashes with e-TeX commands (HO)
)
\Hy@SavedSpaceFactor=\count284

(/usr/local/Cellar/texlive/58837/share/texmf-dist/tex/latex/hyperref/puenc.def
File: puenc.def 2021-02-27 v7.00k Hyperref: PDF Unicode definition (HO)
Now handling font encoding PU ...
... no UTF-8 mapping file for font encoding PU
)
Package hyperref Info: Hyper figures OFF on input line 4192.
Package hyperref Info: Link nesting OFF on input line 4197.
Package hyperref Info: Hyper index ON on input line 4200.
Package hyperref Info: Plain pages OFF on input line 4207.
Package hyperref Info: Backreferencing OFF on input line 4212.
Package hyperref Info: Implicit mode ON; LaTeX internals redefined.
Package hyperref Info: Bookmarks ON on input line 4445.
\c@Hy@tempcnt=\count285
(/usr/local/Cellar/texlive/58837/share/texmf-dist/tex/latex/url/url.sty
\Urlmuskip=\muskip17
Package: url 2013/09/16  ver 3.4  Verb mode for urls, etc.
)
LaTeX Info: Redefining \url on input line 4804.
\XeTeXLinkMargin=\dimen188

(/usr/local/Cellar/texlive/58837/share/texmf-dist/tex/generic/bitset/bitset.sty
Package: bitset 2019/12/09 v1.3 Handle bit-vector datatype (HO)

(/usr/local/Cellar/texlive/58837/share/texmf-dist/tex/generic/bigintcalc/bigint
calc.sty
Package: bigintcalc 2019/12/15 v1.5 Expandable calculations on big integers (HO
)
))
\Fld@menulength=\count286
\Field@Width=\dimen189
\Fld@charsize=\dimen190
Package hyperref Info: Hyper figures OFF on input line 6075.
Package hyperref Info: Link nesting OFF on input line 6080.
Package hyperref Info: Hyper index ON on input line 6083.
Package hyperref Info: backreferencing OFF on input line 6090.
Package hyperref Info: Link coloring OFF on input line 6095.
Package hyperref Info: Link coloring with OCG OFF on input line 6100.
Package hyperref Info: PDF/A mode OFF on input line 6105.
LaTeX Info: Redefining \ref on input line 6145.
LaTeX Info: Redefining \pageref on input line 6149.

(/usr/local/Cellar/texlive/58837/share/texmf-dist/tex/latex/base/atbegshi-ltx.s
ty
Package: atbegshi-ltx 2020/08/17 v1.0a Emulation of the original atbegshi packa
ge
with kernel methods
)
\Hy@abspage=\count287
\c@Item=\count288
\c@Hfootnote=\count289
)
Package hyperref Info: Driver (autodetected): hpdftex.

(/usr/local/Cellar/texlive/58837/share/texmf-dist/tex/latex/hyperref/hpdftex.de
f
File: hpdftex.def 2021-02-27 v7.00k Hyperref driver for pdfTeX

(/usr/local/Cellar/texlive/58837/share/texmf-dist/tex/latex/base/atveryend-ltx.
sty
Package: atveryend-ltx 2020/08/19 v1.0a Emulation of the original atvery packag
e
with kernel methods
)
\Fld@listcount=\count290
\c@bookmark@seq@number=\count291

(/usr/local/Cellar/texlive/58837/share/texmf-dist/tex/latex/rerunfilecheck/reru
nfilecheck.sty
Package: rerunfilecheck 2019/12/05 v1.9 Rerun checks for auxiliary files (HO)

(/usr/local/Cellar/texlive/58837/share/texmf-dist/tex/generic/uniquecounter/uni
quecounter.sty
Package: uniquecounter 2019/12/15 v1.4 Provide unlimited unique counter (HO)
)
Package uniquecounter Info: New unique counter `rerunfilecheck' on input line 2
86.
)
\Hy@SectionHShift=\skip62
)
(/usr/local/Cellar/texlive/58837/share/texmf-dist/tex/latex/comment/comment.sty
\CommentStream=\write3
Excluding comment 'comment')
(/usr/local/Cellar/texlive/58837/share/texmf-dist/tex/latex/wallpaper/wallpaper
.sty
Package: wallpaper 2005/01/18, v1.01 easy wallpaper formatting (MHFW)

(/usr/local/Cellar/texlive/58837/share/texmf-dist/tex/latex/eso-pic/eso-pic.sty
Package: eso-pic 2020/10/14 v3.0a eso-pic (RN)
\ESO@tempdima=\dimen191
\ESO@tempdimb=\dimen192
)
\wpXoffset=\skip63
\wpYoffset=\skip64
\tileXoffset=\skip65
\tileYoffset=\skip66
\tilewidth=\skip67
\tileheight=\skip68
\tileX=\skip69
\tileY=\skip70
)
(/usr/local/Cellar/texlive/58837/share/texmf-dist/tex/latex/natbib/natbib.sty
Package: natbib 2010/09/13 8.31b (PWD, AO)
\bibhang=\skip71
\bibsep=\skip72
LaTeX Info: Redefining \cite on input line 694.
\c@NAT@ctr=\count292
)
(/usr/local/Cellar/texlive/58837/share/texmf-dist/tex/latex/upquote/upquote.sty
Package: upquote 2012/04/19 v1.3 upright-quote and grave-accent glyphs in verba
tim
(/usr/local/Cellar/texlive/58837/share/texmf-dist/tex/latex/base/textcomp.sty
Package: textcomp 2020/02/02 v2.0n Standard LaTeX package
)) (./final_project.aux)
\openout1 = `final_project.aux'.

LaTeX Font Info:    Checking defaults for OML/cmm/m/it on input line 84.
LaTeX Font Info:    ... okay on input line 84.
LaTeX Font Info:    Checking defaults for OMS/cmsy/m/n on input line 84.
LaTeX Font Info:    ... okay on input line 84.
LaTeX Font Info:    Checking defaults for OT1/cmr/m/n on input line 84.
LaTeX Font Info:    ... okay on input line 84.
LaTeX Font Info:    Checking defaults for T1/cmr/m/n on input line 84.
LaTeX Font Info:    ... okay on input line 84.
LaTeX Font Info:    Checking defaults for TS1/cmr/m/n on input line 84.
LaTeX Font Info:    ... okay on input line 84.
LaTeX Font Info:    Checking defaults for OMX/cmex/m/n on input line 84.
LaTeX Font Info:    ... okay on input line 84.
LaTeX Font Info:    Checking defaults for U/cmr/m/n on input line 84.
LaTeX Font Info:    ... okay on input line 84.
LaTeX Font Info:    Checking defaults for PD1/pdf/m/n on input line 84.
LaTeX Font Info:    ... okay on input line 84.
LaTeX Font Info:    Checking defaults for PU/pdf/m/n on input line 84.
LaTeX Font Info:    ... okay on input line 84.

(/usr/local/Cellar/texlive/58837/share/texmf-dist/tex/context/base/mkii/supp-pd
f.mkii
[Loading MPS to PDF converter (version 2006.09.02).]
\scratchcounter=\count293
\scratchdimen=\dimen193
\scratchbox=\box52
\nofMPsegments=\count294
\nofMParguments=\count295
\everyMPshowfont=\toks25
\MPscratchCnt=\count296
\MPscratchDim=\dimen194
\MPnumerator=\count297
\makeMPintoPDFobject=\count298
\everyMPtoPDFconversion=\toks26
)
(/usr/local/Cellar/texlive/58837/share/texmf-dist/tex/latex/epstopdf-pkg/epstop
df-base.sty
Package: epstopdf-base 2020-01-24 v2.11 Base part for package epstopdf
Package epstopdf-base Info: Redefining graphics rule for `.eps' on input line 4
85.

(/usr/local/Cellar/texlive/58837/share/texmf-dist/tex/latex/latexconfig/epstopd
f-sys.cfg
File: epstopdf-sys.cfg 2010/07/13 v1.3 Configuration of (r)epstopdf for TeX Liv
e
))
*geometry* driver: auto-detecting
*geometry* detected driver: pdftex
*geometry* verbose mode - [ preamble ] result:
* driver: pdftex
* paper: <default>
* layout: <same size as paper>
* layoutoffset:(h,v)=(0.0pt,0.0pt)
* modes: 
* h-part:(L,W,R)=(72.26999pt, 469.75502pt, 72.26999pt)
* v-part:(T,H,B)=(72.26999pt, 650.43001pt, 72.26999pt)
* \paperwidth=614.295pt
* \paperheight=794.96999pt
* \textwidth=469.75502pt
* \textheight=650.43001pt
* \oddsidemargin=0.0pt
* \evensidemargin=0.0pt
* \topmargin=-37.0pt
* \headheight=12.0pt
* \headsep=25.0pt
* \topskip=10.0pt
* \footskip=30.0pt
* \marginparwidth=65.0pt
* \marginparsep=11.0pt
* \columnsep=10.0pt
* \skip\footins=9.0pt plus 4.0pt minus 2.0pt
* \hoffset=0.0pt
* \voffset=0.0pt
* \mag=1000
* \@twocolumnfalse
* \@twosidefalse
* \@mparswitchfalse
* \@reversemarginfalse
* (1in=72.27pt=25.4mm, 1cm=28.453pt)

Package hyperref Info: Link coloring OFF on input line 84.

(/usr/local/Cellar/texlive/58837/share/texmf-dist/tex/latex/hyperref/nameref.st
y
Package: nameref 2021-04-02 v2.47 Cross-referencing by name of section

(/usr/local/Cellar/texlive/58837/share/texmf-dist/tex/latex/refcount/refcount.s
ty
Package: refcount 2019/12/15 v3.6 Data extraction from label references (HO)
)
(/usr/local/Cellar/texlive/58837/share/texmf-dist/tex/generic/gettitlestring/ge
ttitlestring.sty
Package: gettitlestring 2019/12/15 v1.6 Cleanup title references (HO)
)
\c@section@level=\count299
)
LaTeX Info: Redefining \ref on input line 84.
LaTeX Info: Redefining \pageref on input line 84.
LaTeX Info: Redefining \nameref on input line 84.
 (./final_project.out) (./final_project.out)
\@outlinefile=\write4
\openout4 = `final_project.out'.

<front_page/hi_logo.png, id=88, 489.9906pt x 130.086pt>
File: front_page/hi_logo.png Graphic file (type png)
<use front_page/hi_logo.png>
Package pdftex.def Info: front_page/hi_logo.png  used on input line 121.
(pdftex.def)             Requested size: 195.99277pt x 52.03346pt.
<front_page/hi_front_page.pdf, id=90, 597.23125pt x 102.3825pt>
File: front_page/hi_front_page.pdf Graphic file (type pdf)
<use front_page/hi_front_page.pdf>
Package pdftex.def Info: front_page/hi_front_page.pdf  used on input line 123.
(pdftex.def)             Requested size: 614.33488pt x 105.31454pt.
 [1

{/usr/local/Cellar/texlive/58837/share/texmf-dist/fonts/map/pdftex/updmap/pdfte
x.map} <./front_page/hi_front_page.pdf> <./front_page/hi_logo.png>]
LaTeX Font Info:    Trying to load font information for U+msa on input line 128
.

(/usr/local/Cellar/texlive/58837/share/texmf-dist/tex/latex/amsfonts/umsa.fd
File: umsa.fd 2013/01/14 v3.01 AMS symbols A
)
LaTeX Font Info:    Trying to load font information for U+msb on input line 128
.

(/usr/local/Cellar/texlive/58837/share/texmf-dist/tex/latex/amsfonts/umsb.fd
File: umsb.fd 2013/01/14 v3.01 AMS symbols B
)
LaTeX Font Info:    Trying to load font information for T1+cmtt on input line 1
39.

(/usr/local/Cellar/texlive/58837/share/texmf-dist/tex/latex/base/t1cmtt.fd
File: t1cmtt.fd 2019/12/16 v2.5j Standard LaTeX font definitions
)pdfTeX warning (ext4): destination with the same identifier (name{page.1}) has
 been already used, duplicate ignored
<to be read again> 
                   \relax 
l.160 \[
        SG_{ij} = \frac{S_{ij}-\mu_j}{s_j},\] [1]
<Figures/progress_trend_spieth.pdf, id=130, 361.35pt x 216.81pt>
File: Figures/progress_trend_spieth.pdf Graphic file (type pdf)
<use Figures/progress_trend_spieth.pdf>
Package pdftex.def Info: Figures/progress_trend_spieth.pdf  used on input line 
176.
(pdftex.def)             Requested size: 289.07999pt x 173.44823pt.
<Figures/empirical_density_thomas.pdf, id=131, 361.35pt x 216.81pt>
File: Figures/empirical_density_thomas.pdf Graphic file (type pdf)
<use Figures/empirical_density_thomas.pdf>
Package pdftex.def Info: Figures/empirical_density_thomas.pdf  used on input li
ne 184.
(pdftex.def)             Requested size: 223.13649pt x 133.88156pt.
<Figures/empirical_density_spieth.pdf, id=132, 361.35pt x 216.81pt>
File: Figures/empirical_density_spieth.pdf Graphic file (type pdf)
<use Figures/empirical_density_spieth.pdf>
Package pdftex.def Info: Figures/empirical_density_spieth.pdf  used on input li
ne 191.
(pdftex.def)             Requested size: 223.13649pt x 133.88156pt.

Overfull \hbox (4.4505pt too wide) in paragraph at lines 182--195
[]$[]$   $[]$ 
 []


LaTeX Warning: `h' float specifier changed to `ht'.

<Figures/rahm_empirical_density.pdf, id=133, 361.35pt x 216.81pt>
File: Figures/rahm_empirical_density.pdf Graphic file (type pdf)
<use Figures/rahm_empirical_density.pdf>
Package pdftex.def Info: Figures/rahm_empirical_density.pdf  used on input line
 200.
(pdftex.def)             Requested size: 223.13649pt x 133.88156pt.
<Figures/empirical_density_dechambeau.pdf, id=134, 361.35pt x 216.81pt>
File: Figures/empirical_density_dechambeau.pdf Graphic file (type pdf)
<use Figures/empirical_density_dechambeau.pdf>
Package pdftex.def Info: Figures/empirical_density_dechambeau.pdf  used on inpu
t line 207.
(pdftex.def)             Requested size: 223.13649pt x 133.88156pt.

Overfull \hbox (4.4505pt too wide) in paragraph at lines 198--211
[]$[]$   $[]$ 
 []


LaTeX Warning: `h' float specifier changed to `ht'.

[2 <./Figures/progress_trend_spieth.pdf>] [3 <./Figures/empirical_density_thoma
s.pdf> <./Figures/empirical_density_spieth.pdf> <./Figures/rahm_empirical_densi
ty.pdf> <./Figures/empirical_density_dechambeau.pdf>] [4]
Overfull \hbox (5.15446pt too wide) detected at line 292
[]
 []

[5]

LaTeX Warning: `!h' float specifier changed to `!ht'.

[6]
<Figures/spieth_fitted_form.pdf, id=216, 361.35pt x 216.81pt>
File: Figures/spieth_fitted_form.pdf Graphic file (type pdf)
<use Figures/spieth_fitted_form.pdf>
Package pdftex.def Info: Figures/spieth_fitted_form.pdf  used on input line 388
.
(pdftex.def)             Requested size: 234.8775pt x 140.92813pt.
<Figures/rahm_fitted_form.pdf, id=217, 361.35pt x 216.81pt>
File: Figures/rahm_fitted_form.pdf Graphic file (type pdf)
<use Figures/rahm_fitted_form.pdf>
Package pdftex.def Info: Figures/rahm_fitted_form.pdf  used on input line 394.
(pdftex.def)             Requested size: 234.8775pt x 140.92813pt.
<Figures/posterior_predictive_thomas.pdf, id=223, 361.35pt x 216.81pt>
File: Figures/posterior_predictive_thomas.pdf Graphic file (type pdf)
<use Figures/posterior_predictive_thomas.pdf>
Package pdftex.def Info: Figures/posterior_predictive_thomas.pdf  used on input
 line 407.
(pdftex.def)             Requested size: 223.13649pt x 133.88156pt.
<Figures/posterior_predictive_spieth.pdf, id=224, 361.35pt x 216.81pt>
File: Figures/posterior_predictive_spieth.pdf Graphic file (type pdf)
<use Figures/posterior_predictive_spieth.pdf>
Package pdftex.def Info: Figures/posterior_predictive_spieth.pdf  used on input
 line 414.
(pdftex.def)             Requested size: 223.13649pt x 133.88156pt.

Overfull \hbox (4.4505pt too wide) in paragraph at lines 405--418
[]$[]$   $[]$ 
 []


LaTeX Warning: `h' float specifier changed to `ht'.

<Figures/posterior_predictive_rahm.pdf, id=225, 361.35pt x 216.81pt>
File: Figures/posterior_predictive_rahm.pdf Graphic file (type pdf)
<use Figures/posterior_predictive_rahm.pdf>
Package pdftex.def Info: Figures/posterior_predictive_rahm.pdf  used on input l
ine 423.
(pdftex.def)             Requested size: 223.13649pt x 133.88156pt.
<Figures/posterior_predictive_dechambeau.pdf, id=226, 361.35pt x 216.81pt>
File: Figures/posterior_predictive_dechambeau.pdf Graphic file (type pdf)
<use Figures/posterior_predictive_dechambeau.pdf>
Package pdftex.def Info: Figures/posterior_predictive_dechambeau.pdf  used on i
nput line 430.
(pdftex.def)             Requested size: 223.13649pt x 133.88156pt.

Overfull \hbox (4.4505pt too wide) in paragraph at lines 421--434
[]$[]$   $[]$ 
 []


LaTeX Warning: `h' float specifier changed to `ht'.

<Figures/p_values.pdf, id=227, 361.35pt x 216.81pt>
File: Figures/p_values.pdf Graphic file (type pdf)
<use Figures/p_values.pdf>
Package pdftex.def Info: Figures/p_values.pdf  used on input line 437.
(pdftex.def)             Requested size: 289.07999pt x 173.44823pt.
[7 <./Figures/spieth_fitted_form.pdf> <./Figures/rahm_fitted_form.pdf>]
[8 <./Figures/posterior_predictive_thomas.pdf> <./Figures/posterior_predictive_
spieth.pdf> <./Figures/posterior_predictive_rahm.pdf> <./Figures/posterior_pred
ictive_dechambeau.pdf>] [9 <./Figures/p_values.pdf>] (./final_project.bbl
Underfull \hbox (badness 3364) in paragraph at lines 10--14
[]\T1/cmr/m/n/10 Courchene, M. (2018).  Data golf pre-dic-tive model: method-ol
-ogy.  []$\T1/cmtt/m/n/10 https : / / datagolf . com /
 []

) [10]
Package color Info: Redefining color shadecolor on input line 497.
LaTeX Font Info:    Font shape `T1/cmtt/bx/n' in size <10> not available
(Font)              Font shape `T1/cmtt/m/n' tried instead on input line 501.
LaTeX Font Info:    Trying to load font information for TS1+cmtt on input line 
509.

(/usr/local/Cellar/texlive/58837/share/texmf-dist/tex/latex/base/ts1cmtt.fd
File: ts1cmtt.fd 2019/12/16 v2.5j Standard LaTeX font definitions
)
[11]
Package color Info: Redefining color shadecolor on input line 555.
Package color Info: Redefining color shadecolor on input line 577.
 [12]
Package color Info: Redefining color shadecolor on input line 622.
 [13]
Package color Info: Redefining color shadecolor on input line 687.
 [14]
Package color Info: Redefining color shadecolor on input line 735.
 [15]
Package color Info: Redefining color shadecolor on input line 831.
 [16]
Underfull \vbox (badness 10000) detected at line 1163
 []


Underfull \vbox (badness 10000) detected at line 1163
 []

[17]
Underfull \vbox (badness 10000) detected at line 1163
 []


Underfull \vbox (badness 10000) detected at line 1163
 []

[18]
Underfull \vbox (badness 10000) detected at line 1163
 []


Underfull \vbox (badness 10000) detected at line 1163
 []

[19]
Underfull \vbox (badness 10000) detected at line 1163
 []


Underfull \vbox (badness 10000) detected at line 1163
 []

[20]
Underfull \vbox (badness 10000) detected at line 1163
 []


Underfull \vbox (badness 10000) detected at line 1163
 []

[21]
Underfull \vbox (badness 10000) detected at line 1163
 []


Underfull \vbox (badness 10000) detected at line 1163
 []

[22] [23] (./final_project.aux)
Package rerunfilecheck Info: File `final_project.out' has not changed.
(rerunfilecheck)             Checksum: F55C18851FDBC24BC117B81195DB8B0F;3139.
 ) 
Here is how much of TeX's memory you used:
 13005 strings out of 478994
 192522 string characters out of 5851139
 665993 words of memory out of 5000000
 30150 multiletter control sequences out of 15000+600000
 423896 words of font info for 79 fonts, out of 8000000 for 9000
 1141 hyphenation exceptions out of 8191
 81i,16n,90p,1198b,389s stack positions out of 5000i,500n,10000p,200000b,80000s
{/usr/local/Cellar/texlive/58837/share/texmf-dist/fonts/enc/dvips/cm-super/cm
-super-ts1.enc}{/usr/local/Cellar/texlive/58837/share/texmf-dist/fonts/enc/dvip
s/cm-super/cm-super-t1.enc}</usr/local/Cellar/texlive/58837/share/texmf-dist/fo
nts/type1/public/amsfonts/cm/cmex10.pfb></usr/local/Cellar/texlive/58837/share/
texmf-dist/fonts/type1/public/amsfonts/cm/cmmi10.pfb></usr/local/Cellar/texlive
/58837/share/texmf-dist/fonts/type1/public/amsfonts/cm/cmmi5.pfb></usr/local/Ce
llar/texlive/58837/share/texmf-dist/fonts/type1/public/amsfonts/cm/cmmi7.pfb></
usr/local/Cellar/texlive/58837/share/texmf-dist/fonts/type1/public/amsfonts/cm/
cmmib10.pfb></usr/local/Cellar/texlive/58837/share/texmf-dist/fonts/type1/publi
c/amsfonts/cmextra/cmmib7.pfb></usr/local/Cellar/texlive/58837/share/texmf-dist
/fonts/type1/public/amsfonts/cm/cmr10.pfb></usr/local/Cellar/texlive/58837/shar
e/texmf-dist/fonts/type1/public/amsfonts/cm/cmr5.pfb></usr/local/Cellar/texlive
/58837/share/texmf-dist/fonts/type1/public/amsfonts/cm/cmr7.pfb></usr/local/Cel
lar/texlive/58837/share/texmf-dist/fonts/type1/public/amsfonts/cm/cmsy10.pfb></
usr/local/Cellar/texlive/58837/share/texmf-dist/fonts/type1/public/amsfonts/cm/
cmsy5.pfb></usr/local/Cellar/texlive/58837/share/texmf-dist/fonts/type1/public/
amsfonts/cm/cmsy7.pfb></usr/local/Cellar/texlive/58837/share/texmf-dist/fonts/t
ype1/public/cm-super/sfbx1000.pfb></usr/local/Cellar/texlive/58837/share/texmf-
dist/fonts/type1/public/cm-super/sfbx1200.pfb></usr/local/Cellar/texlive/58837/
share/texmf-dist/fonts/type1/public/cm-super/sfbx1440.pfb></usr/local/Cellar/te
xlive/58837/share/texmf-dist/fonts/type1/public/cm-super/sfbx2488.pfb></usr/loc
al/Cellar/texlive/58837/share/texmf-dist/fonts/type1/public/cm-super/sfit1000.p
fb></usr/local/Cellar/texlive/58837/share/texmf-dist/fonts/type1/public/cm-supe
r/sfrm0500.pfb></usr/local/Cellar/texlive/58837/share/texmf-dist/fonts/type1/pu
blic/cm-super/sfrm0700.pfb></usr/local/Cellar/texlive/58837/share/texmf-dist/fo
nts/type1/public/cm-super/sfrm0900.pfb></usr/local/Cellar/texlive/58837/share/t
exmf-dist/fonts/type1/public/cm-super/sfrm1000.pfb></usr/local/Cellar/texlive/5
8837/share/texmf-dist/fonts/type1/public/cm-super/sfrm1200.pfb></usr/local/Cell
ar/texlive/58837/share/texmf-dist/fonts/type1/public/cm-super/sfrm1440.pfb></us
r/local/Cellar/texlive/58837/share/texmf-dist/fonts/type1/public/cm-super/sfti0
900.pfb></usr/local/Cellar/texlive/58837/share/texmf-dist/fonts/type1/public/cm
-super/sfti1000.pfb></usr/local/Cellar/texlive/58837/share/texmf-dist/fonts/typ
e1/public/cm-super/sftt1000.pfb>
Output written on final_project.pdf (24 pages, 590176 bytes).
PDF statistics:
 455 PDF objects out of 1000 (max. 8388607)
 371 compressed objects within 4 object streams
 67 named destinations out of 1000 (max. 500000)
 239 words of extra memory for PDF output out of 10000 (max. 10000000)

